... loading data
... building the model
... getting the pretraining functions
... pre-training the model
Pre-training layer 0, epoch 0, cost  245.398085337
Pre-training layer 0, epoch 1, cost  175.150327439
Pre-training layer 0, epoch 2, cost  159.636084399
Pre-training layer 0, epoch 3, cost  151.260954225
Pre-training layer 0, epoch 4, cost  145.645616373
Pre-training layer 0, epoch 5, cost  141.408130852
Pre-training layer 0, epoch 6, cost  138.174388944
Pre-training layer 0, epoch 7, cost  135.47348136
Pre-training layer 0, epoch 8, cost  133.197594633
Pre-training layer 0, epoch 9, cost  131.271755986
Pre-training layer 0, epoch 10, cost  129.526541955
Pre-training layer 0, epoch 11, cost  128.036933572
Pre-training layer 0, epoch 12, cost  126.71943986
Pre-training layer 0, epoch 13, cost  125.497428643
Pre-training layer 0, epoch 14, cost  124.342063386
Pre-training layer 0, epoch 15, cost  123.326409341
Pre-training layer 0, epoch 16, cost  122.412284114
Pre-training layer 0, epoch 17, cost  121.513035967
Pre-training layer 0, epoch 18, cost  120.69213936
Pre-training layer 0, epoch 19, cost  119.86168179
Pre-training layer 0, epoch 20, cost  119.201604748
Pre-training layer 0, epoch 21, cost  118.581082324
Pre-training layer 0, epoch 22, cost  117.924668326
Pre-training layer 0, epoch 23, cost  117.203602066
Pre-training layer 0, epoch 24, cost  116.670172289
Pre-training layer 0, epoch 25, cost  116.11502539
Pre-training layer 0, epoch 26, cost  115.611630433
Pre-training layer 0, epoch 27, cost  115.174228409
Pre-training layer 0, epoch 28, cost  114.555126396
Pre-training layer 0, epoch 29, cost  114.176068528
Pre-training layer 0, epoch 30, cost  113.82435102
Pre-training layer 0, epoch 31, cost  113.294784505
Pre-training layer 0, epoch 32, cost  112.891486143
Pre-training layer 0, epoch 33, cost  112.57338624
Pre-training layer 0, epoch 34, cost  112.097479765
Pre-training layer 0, epoch 35, cost  111.744194593
Pre-training layer 0, epoch 36, cost  111.390060343
Pre-training layer 0, epoch 37, cost  111.190640546
Pre-training layer 0, epoch 38, cost  110.801287843
Pre-training layer 0, epoch 39, cost  110.405993636
Pre-training layer 0, epoch 40, cost  110.192843566
Pre-training layer 0, epoch 41, cost  109.886233538
Pre-training layer 0, epoch 42, cost  109.512335273
Pre-training layer 0, epoch 43, cost  109.267096959
Pre-training layer 0, epoch 44, cost  109.076487781
Pre-training layer 0, epoch 45, cost  108.717063579
Pre-training layer 0, epoch 46, cost  108.500142831
Pre-training layer 0, epoch 47, cost  108.261376088
Pre-training layer 0, epoch 48, cost  108.026291602
Pre-training layer 0, epoch 49, cost  107.743922792
Pre-training layer 0, epoch 50, cost  107.576014114
Pre-training layer 0, epoch 51, cost  107.218094838
Pre-training layer 0, epoch 52, cost  107.102081756
Pre-training layer 0, epoch 53, cost  106.853706396
Pre-training layer 0, epoch 54, cost  106.599069748
Pre-training layer 0, epoch 55, cost  106.500742386
Pre-training layer 0, epoch 56, cost  106.1872404
Pre-training layer 0, epoch 57, cost  105.993502118
Pre-training layer 0, epoch 58, cost  105.849030362
Pre-training layer 0, epoch 59, cost  105.575486287
Pre-training layer 0, epoch 60, cost  105.465754764
Pre-training layer 0, epoch 61, cost  105.234360192
Pre-training layer 0, epoch 62, cost  105.117201649
Pre-training layer 0, epoch 63, cost  104.929393845
Pre-training layer 0, epoch 64, cost  104.818891558
Pre-training layer 0, epoch 65, cost  104.529379683
Pre-training layer 0, epoch 66, cost  104.469903707
Pre-training layer 0, epoch 67, cost  104.21813027
Pre-training layer 0, epoch 68, cost  104.149580275
Pre-training layer 0, epoch 69, cost  103.914523311
Pre-training layer 0, epoch 70, cost  103.814007209
Pre-training layer 0, epoch 71, cost  103.665931249
Pre-training layer 0, epoch 72, cost  103.456807373
Pre-training layer 0, epoch 73, cost  103.315339198
Pre-training layer 0, epoch 74, cost  103.270357154
Pre-training layer 0, epoch 75, cost  103.071193666
Pre-training layer 0, epoch 76, cost  102.935861832
Pre-training layer 0, epoch 77, cost  102.838947855
Pre-training layer 0, epoch 78, cost  102.692528411
Pre-training layer 0, epoch 79, cost  102.518358283
Pre-training layer 0, epoch 80, cost  102.435348168
Pre-training layer 0, epoch 81, cost  102.346785151
Pre-training layer 0, epoch 82, cost  102.233156652
Pre-training layer 0, epoch 83, cost  102.077445428
Pre-training layer 0, epoch 84, cost  101.927890142
Pre-training layer 0, epoch 85, cost  101.844262929
Pre-training layer 0, epoch 86, cost  101.731405567
Pre-training layer 0, epoch 87, cost  101.613141776
Pre-training layer 0, epoch 88, cost  101.594779917
Pre-training layer 0, epoch 89, cost  101.358115352
Pre-training layer 0, epoch 90, cost  101.309772515
Pre-training layer 0, epoch 91, cost  101.243504442
Pre-training layer 0, epoch 92, cost  101.121772228
Pre-training layer 0, epoch 93, cost  100.962506283
Pre-training layer 0, epoch 94, cost  100.857043577
Pre-training layer 0, epoch 95, cost  100.773546899
Pre-training layer 0, epoch 96, cost  100.71926238
Pre-training layer 0, epoch 97, cost  100.604158567
Pre-training layer 0, epoch 98, cost  100.574971033
Pre-training layer 0, epoch 99, cost  100.490524421
The pretraining code for file sdAE.py ran for 0.37m
rec 0.0157101565682
... getting the finetuning functions
... finetunning the model
epoch 1, minibatch 40/40, validation error 27.410000 %
     epoch 1, minibatch 40/40, test error of best model 29.370000 %
epoch 2, minibatch 40/40, validation error 20.040000 %
     epoch 2, minibatch 40/40, test error of best model 21.680000 %
epoch 3, minibatch 40/40, validation error 17.850000 %
     epoch 3, minibatch 40/40, test error of best model 19.280000 %
epoch 4, minibatch 40/40, validation error 16.720000 %
     epoch 4, minibatch 40/40, test error of best model 18.080000 %
epoch 5, minibatch 40/40, validation error 15.970000 %
     epoch 5, minibatch 40/40, test error of best model 17.160000 %
epoch 6, minibatch 40/40, validation error 15.350000 %
     epoch 6, minibatch 40/40, test error of best model 16.490000 %
epoch 7, minibatch 40/40, validation error 14.950000 %
     epoch 7, minibatch 40/40, test error of best model 16.080000 %
epoch 8, minibatch 40/40, validation error 14.630000 %
     epoch 8, minibatch 40/40, test error of best model 15.740000 %
epoch 9, minibatch 40/40, validation error 14.320000 %
     epoch 9, minibatch 40/40, test error of best model 15.440000 %
epoch 10, minibatch 40/40, validation error 14.060000 %
     epoch 10, minibatch 40/40, test error of best model 15.100000 %
epoch 11, minibatch 40/40, validation error 13.820000 %
     epoch 11, minibatch 40/40, test error of best model 14.950000 %
epoch 12, minibatch 40/40, validation error 13.700000 %
     epoch 12, minibatch 40/40, test error of best model 14.830000 %
epoch 13, minibatch 40/40, validation error 13.640000 %
     epoch 13, minibatch 40/40, test error of best model 14.670000 %
epoch 14, minibatch 40/40, validation error 13.450000 %
     epoch 14, minibatch 40/40, test error of best model 14.570000 %
epoch 15, minibatch 40/40, validation error 13.350000 %
     epoch 15, minibatch 40/40, test error of best model 14.480000 %
epoch 16, minibatch 40/40, validation error 13.270000 %
     epoch 16, minibatch 40/40, test error of best model 14.350000 %
epoch 17, minibatch 40/40, validation error 13.210000 %
     epoch 17, minibatch 40/40, test error of best model 14.260000 %
epoch 18, minibatch 40/40, validation error 13.130000 %
     epoch 18, minibatch 40/40, test error of best model 14.140000 %
epoch 19, minibatch 40/40, validation error 13.050000 %
     epoch 19, minibatch 40/40, test error of best model 14.020000 %
epoch 20, minibatch 40/40, validation error 12.970000 %
     epoch 20, minibatch 40/40, test error of best model 13.920000 %
epoch 21, minibatch 40/40, validation error 12.890000 %
     epoch 21, minibatch 40/40, test error of best model 13.780000 %
epoch 22, minibatch 40/40, validation error 12.840000 %
     epoch 22, minibatch 40/40, test error of best model 13.720000 %
epoch 23, minibatch 40/40, validation error 12.780000 %
     epoch 23, minibatch 40/40, test error of best model 13.690000 %
epoch 24, minibatch 40/40, validation error 12.640000 %
     epoch 24, minibatch 40/40, test error of best model 13.570000 %
epoch 25, minibatch 40/40, validation error 12.590000 %
     epoch 25, minibatch 40/40, test error of best model 13.500000 %
epoch 26, minibatch 40/40, validation error 12.500000 %
     epoch 26, minibatch 40/40, test error of best model 13.380000 %
epoch 27, minibatch 40/40, validation error 12.450000 %
     epoch 27, minibatch 40/40, test error of best model 13.340000 %
epoch 28, minibatch 40/40, validation error 12.440000 %
     epoch 28, minibatch 40/40, test error of best model 13.250000 %
epoch 29, minibatch 40/40, validation error 12.360000 %
     epoch 29, minibatch 40/40, test error of best model 13.260000 %
epoch 30, minibatch 40/40, validation error 12.360000 %
epoch 31, minibatch 40/40, validation error 12.370000 %
epoch 32, minibatch 40/40, validation error 12.320000 %
     epoch 32, minibatch 40/40, test error of best model 13.120000 %
epoch 33, minibatch 40/40, validation error 12.280000 %
     epoch 33, minibatch 40/40, test error of best model 13.150000 %
epoch 34, minibatch 40/40, validation error 12.230000 %
     epoch 34, minibatch 40/40, test error of best model 13.090000 %
epoch 35, minibatch 40/40, validation error 12.200000 %
     epoch 35, minibatch 40/40, test error of best model 13.090000 %
epoch 36, minibatch 40/40, validation error 12.160000 %
     epoch 36, minibatch 40/40, test error of best model 13.050000 %
epoch 37, minibatch 40/40, validation error 12.100000 %
     epoch 37, minibatch 40/40, test error of best model 12.990000 %
epoch 38, minibatch 40/40, validation error 12.070000 %
     epoch 38, minibatch 40/40, test error of best model 12.980000 %
epoch 39, minibatch 40/40, validation error 12.060000 %
     epoch 39, minibatch 40/40, test error of best model 12.960000 %
epoch 40, minibatch 40/40, validation error 12.070000 %
epoch 41, minibatch 40/40, validation error 12.100000 %
epoch 42, minibatch 40/40, validation error 12.080000 %
epoch 43, minibatch 40/40, validation error 12.040000 %
     epoch 43, minibatch 40/40, test error of best model 12.960000 %
epoch 44, minibatch 40/40, validation error 12.040000 %
epoch 45, minibatch 40/40, validation error 12.050000 %
epoch 46, minibatch 40/40, validation error 12.060000 %
epoch 47, minibatch 40/40, validation error 12.020000 %
     epoch 47, minibatch 40/40, test error of best model 12.880000 %
epoch 48, minibatch 40/40, validation error 12.020000 %
epoch 49, minibatch 40/40, validation error 12.020000 %
epoch 50, minibatch 40/40, validation error 12.010000 %
     epoch 50, minibatch 40/40, test error of best model 12.860000 %
epoch 51, minibatch 40/40, validation error 12.010000 %
epoch 52, minibatch 40/40, validation error 11.960000 %
     epoch 52, minibatch 40/40, test error of best model 12.890000 %
epoch 53, minibatch 40/40, validation error 11.920000 %
     epoch 53, minibatch 40/40, test error of best model 12.870000 %
epoch 54, minibatch 40/40, validation error 11.890000 %
     epoch 54, minibatch 40/40, test error of best model 12.830000 %
epoch 55, minibatch 40/40, validation error 11.830000 %
     epoch 55, minibatch 40/40, test error of best model 12.830000 %
epoch 56, minibatch 40/40, validation error 11.820000 %
     epoch 56, minibatch 40/40, test error of best model 12.830000 %
epoch 57, minibatch 40/40, validation error 11.770000 %
     epoch 57, minibatch 40/40, test error of best model 12.790000 %
epoch 58, minibatch 40/40, validation error 11.740000 %
     epoch 58, minibatch 40/40, test error of best model 12.760000 %
epoch 59, minibatch 40/40, validation error 11.750000 %
epoch 60, minibatch 40/40, validation error 11.680000 %
     epoch 60, minibatch 40/40, test error of best model 12.770000 %
epoch 61, minibatch 40/40, validation error 11.700000 %
epoch 62, minibatch 40/40, validation error 11.660000 %
     epoch 62, minibatch 40/40, test error of best model 12.750000 %
epoch 63, minibatch 40/40, validation error 11.660000 %
epoch 64, minibatch 40/40, validation error 11.670000 %
epoch 65, minibatch 40/40, validation error 11.670000 %
epoch 66, minibatch 40/40, validation error 11.650000 %
     epoch 66, minibatch 40/40, test error of best model 12.670000 %
epoch 67, minibatch 40/40, validation error 11.660000 %
epoch 68, minibatch 40/40, validation error 11.690000 %
epoch 69, minibatch 40/40, validation error 11.690000 %
epoch 70, minibatch 40/40, validation error 11.680000 %
epoch 71, minibatch 40/40, validation error 11.670000 %
epoch 72, minibatch 40/40, validation error 11.680000 %
epoch 73, minibatch 40/40, validation error 11.670000 %
epoch 74, minibatch 40/40, validation error 11.670000 %
epoch 75, minibatch 40/40, validation error 11.680000 %
epoch 76, minibatch 40/40, validation error 11.660000 %
epoch 77, minibatch 40/40, validation error 11.700000 %
epoch 78, minibatch 40/40, validation error 11.710000 %
epoch 79, minibatch 40/40, validation error 11.720000 %
epoch 80, minibatch 40/40, validation error 11.690000 %
epoch 81, minibatch 40/40, validation error 11.690000 %
epoch 82, minibatch 40/40, validation error 11.680000 %
epoch 83, minibatch 40/40, validation error 11.680000 %
epoch 84, minibatch 40/40, validation error 11.710000 %
epoch 85, minibatch 40/40, validation error 11.680000 %
epoch 86, minibatch 40/40, validation error 11.680000 %
epoch 87, minibatch 40/40, validation error 11.660000 %
epoch 88, minibatch 40/40, validation error 11.670000 %
epoch 89, minibatch 40/40, validation error 11.670000 %
epoch 90, minibatch 40/40, validation error 11.670000 %
epoch 91, minibatch 40/40, validation error 11.680000 %
epoch 92, minibatch 40/40, validation error 11.690000 %
epoch 93, minibatch 40/40, validation error 11.680000 %
epoch 94, minibatch 40/40, validation error 11.700000 %
epoch 95, minibatch 40/40, validation error 11.680000 %
epoch 96, minibatch 40/40, validation error 11.680000 %
epoch 97, minibatch 40/40, validation error 11.670000 %
epoch 98, minibatch 40/40, validation error 11.690000 %
epoch 99, minibatch 40/40, validation error 11.690000 %
epoch 100, minibatch 40/40, validation error 11.700000 %
epoch 101, minibatch 40/40, validation error 11.680000 %
epoch 102, minibatch 40/40, validation error 11.680000 %
epoch 103, minibatch 40/40, validation error 11.690000 %
epoch 104, minibatch 40/40, validation error 11.700000 %
epoch 105, minibatch 40/40, validation error 11.720000 %
epoch 106, minibatch 40/40, validation error 11.720000 %
epoch 107, minibatch 40/40, validation error 11.710000 %
epoch 108, minibatch 40/40, validation error 11.730000 %
epoch 109, minibatch 40/40, validation error 11.730000 %
epoch 110, minibatch 40/40, validation error 11.730000 %
epoch 111, minibatch 40/40, validation error 11.730000 %
epoch 112, minibatch 40/40, validation error 11.730000 %
epoch 113, minibatch 40/40, validation error 11.730000 %
epoch 114, minibatch 40/40, validation error 11.730000 %
epoch 115, minibatch 40/40, validation error 11.720000 %
epoch 116, minibatch 40/40, validation error 11.720000 %
epoch 117, minibatch 40/40, validation error 11.720000 %
epoch 118, minibatch 40/40, validation error 11.720000 %
epoch 119, minibatch 40/40, validation error 11.740000 %
Optimization complete with best validation score of 11.650000 %, on iteration 2640, with test performance 12.670000 %
The training code for file sdAE.py ran for 0.75m
